<?xml version="1.0" encoding="UTF-8"?>
<!-- Generated by org.testng.reporters.JUnitXMLReporter -->
<testsuite ignored="0" hostname="ITLNB690" failures="0" tests="5" name="Test1" time="15.055" errors="0" timestamp="2026-04-23T17:51:43 IST">
  <testcase classname="Listener_Practise.Login" name="mathodstart" time="5.612"/>
  <testcase classname="Listener_Practise.Login" name="methodfail" time="0.51"/>
  <testcase classname="Listener_Practise.Login" name="methodpass" time="8.862"/>
  <testcase classname="Listener_Practise.Login" name="methodskip" time="0.004"/>
  <testcase classname="Listener_Practise.Login" name="mathodfinish" time="0.003"/>
</testsuite> <!-- Test1 -->
