<?xml version="1.0" encoding="UTF-8"?>
<!-- Generated by org.testng.reporters.JUnitXMLReporter -->
<testsuite ignored="0" hostname="ITLNB690" failures="1" tests="7" name="Test" time="6.589" errors="0" timestamp="2026-02-25T12:14:10 IST">
  <testcase classname="Skeleton_pkg.Law_Firm" name="@BeforeClass bc" time="1.008">
    <failure type="java.lang.NullPointerException" message="Cannot invoke &amp;quot;org.openqa.selenium.WebDriver.findElement(org.openqa.selenium.By)&amp;quot; because &amp;quot;this.driver&amp;quot; is null">
      <![CDATA[java.lang.NullPointerException: Cannot invoke "org.openqa.selenium.WebDriver.findElement(org.openqa.selenium.By)" because "this.driver" is null
at Skeleton_pkg.Law_Firm.bc(Law_Firm.java:30)
at java.base/java.util.ArrayList.forEach(ArrayList.java:1596)
... Removed 23 stack frames]]>
    </failure>
  </testcase> <!-- @BeforeClass bc -->
  <testcase classname="Skeleton_pkg.SuperTest" name="executeTest" time="4.278">
    <failure type="java.lang.NullPointerException" message="Cannot invoke &amp;quot;org.openqa.selenium.WebDriver.findElement(org.openqa.selenium.By)&amp;quot; because &amp;quot;this.driver&amp;quot; is null">
      <![CDATA[java.lang.NullPointerException: Cannot invoke "org.openqa.selenium.WebDriver.findElement(org.openqa.selenium.By)" because "this.driver" is null
at Skeleton_pkg.Law_Firm.bc(Law_Firm.java:30)
at Skeleton_pkg.SuperTest.executeTest(SuperTest.java:20)
at java.base/java.util.ArrayList.forEach(ArrayList.java:1596)
... Removed 25 stack frames]]>
    </failure>
  </testcase> <!-- executeTest -->
  <testcase classname="Skeleton_pkg.Law_Firm" name="taker2" time="0.0">
    <skipped/>
  </testcase> <!-- taker2 -->
  <testcase classname="Skeleton_pkg.Law_Firm" name="taker" time="0.0">
    <skipped/>
  </testcase> <!-- taker -->
  <testcase classname="Skeleton_pkg.Law_Firm" name="taker" time="0.0">
    <skipped/>
  </testcase> <!-- taker -->
  <testcase classname="Skeleton_pkg.Law_Firm" name="taker" time="0.0">
    <skipped/>
  </testcase> <!-- taker -->
  <testcase classname="Skeleton_pkg.Law_Firm" name="taker" time="0.0">
    <skipped/>
  </testcase> <!-- taker -->
  <testcase classname="Skeleton_pkg.Law_Firm" name="taker" time="0.001">
    <skipped/>
  </testcase> <!-- taker -->
</testsuite> <!-- Test -->
