<?xml version="1.0" encoding="UTF-8"?>
<!-- Generated by org.testng.reporters.JUnitXMLReporter -->
<testsuite ignored="0" hostname="ITLNB690" failures="1" tests="1" name="Default test" time="2.987" errors="0" timestamp="2026-05-11T12:14:55 IST">
  <testcase classname="CaseStatus_Package.CST1_Calling" name="init" time="2.226">
    <failure type="org.openqa.selenium.SessionNotCreatedException" message="session not created: This version of ChromeDriver only supports Chrome version 146
Current browser version is 148.0.7778.96 with binary path C:\Program Files\Google\Chrome\Application\chrome.exe
Build info: version: &amp;apos;3.141.59&amp;apos;, revision: &amp;apos;e82be7d358&amp;apos;, time: &amp;apos;2018-11-14T08:25:48&amp;apos;
System info: host: &amp;apos;ITLNB690&amp;apos;, ip: &amp;apos;172.20.2.85&amp;apos;, os.name: &amp;apos;Windows 11&amp;apos;, os.arch: &amp;apos;amd64&amp;apos;, os.version: &amp;apos;10.0&amp;apos;, java.version: &amp;apos;21.0.9&amp;apos;
Driver info: driver.version: ChromeDriver
remote stacktrace: 	chromedriver!GetHandleVerifier [0x7ff7d25610b5+14cc5]
	chromedriver!GetHandleVerifier [0x7ff7d2561120+14d30]
	chromedriver!(No symbol) [0x7ff7d22cdb6d]
	chromedriver!(No symbol) [0x7ff7d231608d]
	chromedriver!(No symbol) [0x7ff7d2314de5]
	chromedriver!(No symbol) [0x7ff7d230f321]
	chromedriver!(No symbol) [0x7ff7d2309c29]
	chromedriver!(No symbol) [0x7ff7d235e021]
	chromedriver!(No symbol) [0x7ff7d235d886]
	chromedriver!(No symbol) [0x7ff7d23196e8]
	chromedriver!(No symbol) [0x7ff7d231a5d3]
	chromedriver!GetHandleVerifier [0x7ff7d2865ded+3199fd]
	chromedriver!GetHandleVerifier [0x7ff7d28604cd+3140dd]
	chromedriver!GetHandleVerifier [0x7ff7d28829ca+3365da]
	chromedriver!GetHandleVerifier [0x7ff7d257ca55+30665]
	chromedriver!GetHandleVerifier [0x7ff7d2585bac+397bc]
	chromedriver!GetHandleVerifier [0x7ff7d256a4d4+1e0e4]
	chromedriver!GetHandleVerifier [0x7ff7d256a686+1e296]
	chromedriver!GetHandleVerifier [0x7ff7d254ef97+2ba7]
	KERNEL32!BaseThreadInitThunk [0x7fff042f257d+1d]
	ntdll!RtlUserThreadStart [0x7fff056aaf08+28]
">
      <![CDATA[org.openqa.selenium.SessionNotCreatedException: session not created: This version of ChromeDriver only supports Chrome version 146
Current browser version is 148.0.7778.96 with binary path C:\Program Files\Google\Chrome\Application\chrome.exe
Build info: version: '3.141.59', revision: 'e82be7d358', time: '2018-11-14T08:25:48'
System info: host: 'ITLNB690', ip: '172.20.2.85', os.name: 'Windows 11', os.arch: 'amd64', os.version: '10.0', java.version: '21.0.9'
Driver info: driver.version: ChromeDriver
remote stacktrace: chromedriver!GetHandleVerifier [0x7ff7d25610b5+14cc5]
chromedriver!GetHandleVerifier [0x7ff7d2561120+14d30]
chromedriver!(No symbol) [0x7ff7d22cdb6d]
chromedriver!(No symbol) [0x7ff7d231608d]
chromedriver!(No symbol) [0x7ff7d2314de5]
chromedriver!(No symbol) [0x7ff7d230f321]
chromedriver!(No symbol) [0x7ff7d2309c29]
chromedriver!(No symbol) [0x7ff7d235e021]
chromedriver!(No symbol) [0x7ff7d235d886]
chromedriver!(No symbol) [0x7ff7d23196e8]
chromedriver!(No symbol) [0x7ff7d231a5d3]
chromedriver!GetHandleVerifier [0x7ff7d2865ded+3199fd]
chromedriver!GetHandleVerifier [0x7ff7d28604cd+3140dd]
chromedriver!GetHandleVerifier [0x7ff7d28829ca+3365da]
chromedriver!GetHandleVerifier [0x7ff7d257ca55+30665]
chromedriver!GetHandleVerifier [0x7ff7d2585bac+397bc]
chromedriver!GetHandleVerifier [0x7ff7d256a4d4+1e0e4]
chromedriver!GetHandleVerifier [0x7ff7d256a686+1e296]
chromedriver!GetHandleVerifier [0x7ff7d254ef97+2ba7]
KERNEL32!BaseThreadInitThunk [0x7fff042f257d+1d]
ntdll!RtlUserThreadStart [0x7fff056aaf08+28]

at java.base/jdk.internal.reflect.DirectConstructorHandleAccessor.newInstance(DirectConstructorHandleAccessor.java:62)
at java.base/java.lang.reflect.Constructor.newInstanceWithCaller(Constructor.java:502)
at java.base/java.lang.reflect.Constructor.newInstance(Constructor.java:486)
at org.openqa.selenium.remote.W3CHandshakeResponse.lambda$errorHandler$0(W3CHandshakeResponse.java:62)
at org.openqa.selenium.remote.HandshakeResponse.lambda$getResponseFunction$0(HandshakeResponse.java:30)
at org.openqa.selenium.remote.ProtocolHandshake.lambda$createSession$0(ProtocolHandshake.java:126)
at java.base/java.util.stream.ReferencePipeline$3$1.accept(ReferencePipeline.java:197)
at java.base/java.util.Spliterators$ArraySpliterator.tryAdvance(Spliterators.java:1034)
at java.base/java.util.stream.ReferencePipeline.forEachWithCancel(ReferencePipeline.java:129)
at java.base/java.util.stream.AbstractPipeline.copyIntoWithCancel(AbstractPipeline.java:527)
at java.base/java.util.stream.AbstractPipeline.copyInto(AbstractPipeline.java:513)
at java.base/java.util.stream.AbstractPipeline.wrapAndCopyInto(AbstractPipeline.java:499)
at java.base/java.util.stream.FindOps$FindOp.evaluateSequential(FindOps.java:150)
at java.base/java.util.stream.AbstractPipeline.evaluate(AbstractPipeline.java:234)
at java.base/java.util.stream.ReferencePipeline.findFirst(ReferencePipeline.java:647)
at org.openqa.selenium.remote.ProtocolHandshake.createSession(ProtocolHandshake.java:128)
at org.openqa.selenium.remote.ProtocolHandshake.createSession(ProtocolHandshake.java:74)
at org.openqa.selenium.remote.HttpCommandExecutor.execute(HttpCommandExecutor.java:136)
at org.openqa.selenium.remote.service.DriverCommandExecutor.execute(DriverCommandExecutor.java:83)
at org.openqa.selenium.remote.RemoteWebDriver.execute(RemoteWebDriver.java:552)
at org.openqa.selenium.remote.RemoteWebDriver.startSession(RemoteWebDriver.java:213)
at org.openqa.selenium.remote.RemoteWebDriver.<init>(RemoteWebDriver.java:131)
at org.openqa.selenium.chrome.ChromeDriver.<init>(ChromeDriver.java:181)
at org.openqa.selenium.chrome.ChromeDriver.<init>(ChromeDriver.java:168)
at org.openqa.selenium.chrome.ChromeDriver.<init>(ChromeDriver.java:123)
at CaseStatus_Package.CST2_Login.cstLogin(CST2_Login.java:74)
at CaseStatus_Package.CST1_Calling.init(CST1_Calling.java:18)
at java.base/jdk.internal.reflect.DirectMethodHandleAccessor.invoke(DirectMethodHandleAccessor.java:103)
at java.base/java.lang.reflect.Method.invoke(Method.java:580)
at org.testng.internal.invokers.MethodInvocationHelper.invokeMethod(MethodInvocationHelper.java:141)
at org.testng.internal.invokers.TestInvoker.invokeMethod(TestInvoker.java:687)
at org.testng.internal.invokers.TestInvoker.invokeTestMethod(TestInvoker.java:230)
at org.testng.internal.invokers.MethodRunner.runInSequence(MethodRunner.java:63)
at org.testng.internal.invokers.TestInvoker$MethodInvocationAgent.invoke(TestInvoker.java:995)
at org.testng.internal.invokers.TestInvoker.invokeTestMethods(TestInvoker.java:203)
at org.testng.internal.invokers.TestMethodWorker.invokeTestMethods(TestMethodWorker.java:154)
at org.testng.internal.invokers.TestMethodWorker.run(TestMethodWorker.java:134)
at java.base/java.util.ArrayList.forEach(ArrayList.java:1596)
at org.testng.TestRunner.privateRun(TestRunner.java:741)
at org.testng.TestRunner.run(TestRunner.java:616)
at org.testng.SuiteRunner.runTest(SuiteRunner.java:421)
at org.testng.SuiteRunner.runSequentially(SuiteRunner.java:413)
at org.testng.SuiteRunner.privateRun(SuiteRunner.java:373)
at org.testng.SuiteRunner.run(SuiteRunner.java:312)
at org.testng.SuiteRunnerWorker.runSuite(SuiteRunnerWorker.java:52)
at org.testng.SuiteRunnerWorker.run(SuiteRunnerWorker.java:95)
at org.testng.TestNG.runSuitesSequentially(TestNG.java:1274)
at org.testng.TestNG.runSuitesLocally(TestNG.java:1208)
at org.testng.TestNG.runSuites(TestNG.java:1112)
at org.testng.TestNG.run(TestNG.java:1079)
at org.testng.remote.AbstractRemoteTestNG.run(AbstractRemoteTestNG.java:115)
at org.testng.remote.RemoteTestNG.initAndRun(RemoteTestNG.java:293)
at org.testng.remote.RemoteTestNG.main(RemoteTestNG.java:91)
]]>
    </failure>
  </testcase> <!-- init -->
</testsuite> <!-- Default test -->
