<?xml version="1.0" encoding="UTF-8"?>
<!-- Generated by org.testng.reporters.JUnitReportReporter -->
<testsuite hostname="ITLNB690" failures="1" tests="1" name="CaseStudy_Package.CS1_Calling" time="57.854" errors="0" timestamp="2026-04-22T18:10:12 IST" skipped="0">
  <testcase classname="CaseStudy_Package.CS1_Calling" name="Call" time="57.854">
    <failure message="The following asserts failed:
	BUG: Repayment Mode (repaymentMode) is empty,
	BUG: Bucket (bucket) is empty,
	BUG: First NPL Date (firstNpaDate) is empty,
	BUG: Write-Off Date (writeOffDate) is empty,
	BUG: Write-Off Recovered Amount (writeOffRecoveredAmt) is empty,
	BUG: Dealer Name (dealerName) is empty,
	BUG: Car Maker (maker) is empty,
	BUG: Car Model (model) is empty,
	BUG: Colour (color) is empty,
	BUG: Registration Number (regNumber) is empty,
	BUG: Chassis Number (chassisNo) is empty" type="java.lang.AssertionError">
      <![CDATA[java.lang.AssertionError: The following asserts failed:
BUG: Repayment Mode (repaymentMode) is empty,
BUG: Bucket (bucket) is empty,
BUG: First NPL Date (firstNpaDate) is empty,
BUG: Write-Off Date (writeOffDate) is empty,
BUG: Write-Off Recovered Amount (writeOffRecoveredAmt) is empty,
BUG: Dealer Name (dealerName) is empty,
BUG: Car Maker (maker) is empty,
BUG: Car Model (model) is empty,
BUG: Colour (color) is empty,
BUG: Registration Number (regNumber) is empty,
BUG: Chassis Number (chassisNo) is empty
at org.testng.asserts.SoftAssert.assertAll(SoftAssert.java:46)
at org.testng.asserts.SoftAssert.assertAll(SoftAssert.java:30)
at CaseStudy_Package.CS1_Calling.Call(CS1_Calling.java:47)
at java.base/jdk.internal.reflect.DirectMethodHandleAccessor.invoke(DirectMethodHandleAccessor.java:103)
at java.base/java.lang.reflect.Method.invoke(Method.java:580)
at org.testng.internal.invokers.MethodInvocationHelper.invokeMethod(MethodInvocationHelper.java:141)
at org.testng.internal.invokers.TestInvoker.invokeMethod(TestInvoker.java:687)
at org.testng.internal.invokers.TestInvoker.invokeTestMethod(TestInvoker.java:230)
at org.testng.internal.invokers.MethodRunner.runInSequence(MethodRunner.java:63)
at org.testng.internal.invokers.TestInvoker$MethodInvocationAgent.invoke(TestInvoker.java:995)
at org.testng.internal.invokers.TestInvoker.invokeTestMethods(TestInvoker.java:203)
at org.testng.internal.invokers.TestMethodWorker.invokeTestMethods(TestMethodWorker.java:154)
at org.testng.internal.invokers.TestMethodWorker.run(TestMethodWorker.java:134)
at java.base/java.util.ArrayList.forEach(ArrayList.java:1596)
at org.testng.TestRunner.privateRun(TestRunner.java:741)
at org.testng.TestRunner.run(TestRunner.java:616)
at org.testng.SuiteRunner.runTest(SuiteRunner.java:421)
at org.testng.SuiteRunner.runSequentially(SuiteRunner.java:413)
at org.testng.SuiteRunner.privateRun(SuiteRunner.java:373)
at org.testng.SuiteRunner.run(SuiteRunner.java:312)
at org.testng.SuiteRunnerWorker.runSuite(SuiteRunnerWorker.java:52)
at org.testng.SuiteRunnerWorker.run(SuiteRunnerWorker.java:95)
at org.testng.TestNG.runSuitesSequentially(TestNG.java:1274)
at org.testng.TestNG.runSuitesLocally(TestNG.java:1208)
at org.testng.TestNG.runSuites(TestNG.java:1112)
at org.testng.TestNG.run(TestNG.java:1079)
at org.testng.remote.AbstractRemoteTestNG.run(AbstractRemoteTestNG.java:115)
at org.testng.remote.RemoteTestNG.initAndRun(RemoteTestNG.java:293)
at org.testng.remote.RemoteTestNG.main(RemoteTestNG.java:91)
]]>
    </failure>
  </testcase> <!-- Call -->
</testsuite> <!-- CaseStudy_Package.CS1_Calling -->
