<?xml version="1.0" encoding="UTF-8"?>
<!-- Generated by org.testng.reporters.JUnitReportReporter -->
<testsuite hostname="ITLNB690" failures="1" tests="1" name="SeleniumPackage.A2_CallingClass" time="59.972" errors="0" timestamp="2026-03-20T12:06:33 IST" skipped="0">
  <testcase classname="SeleniumPackage.A2_CallingClass" name="init" time="59.972">
    <failure message="The following asserts failed:
	Accepting Invalid Day 32. did not expect [32-12-2021] but found [32-12-2021],
	Accepting Invalid Month 13. did not expect [15-13-2021] but found [15-13-2021],
	Accepting Feb 29 on Non-Leap Year. did not expect [29-02-2023] but found [29-02-2023],
	Accepting Far Future Date. did not expect [01-01-2099] but found [01-01-2099],
	Accepting Very Old Past Date. did not expect [01-01-1900] but found [01-01-1900],
	Accepting Day as 00. did not expect [00-12-2021] but found [00-12-2021],
	Accepting Month as 00. did not expect [15-00-2021] but found [15-00-2021],
	Exceeding Max Length for Date. expected [true] but found [false],
	Accepting alphabets in numeric field. expected [true] but found [false],
	Accepting alphanumeric mix. did not expect [abcd1234] but found [abcd1234],
	Accepting special characters. expected [true] but found [false],
	Accepting negative number. did not expect [-500] but found [-500]" type="java.lang.AssertionError">
      <![CDATA[java.lang.AssertionError: The following asserts failed:
Accepting Invalid Day 32. did not expect [32-12-2021] but found [32-12-2021],
Accepting Invalid Month 13. did not expect [15-13-2021] but found [15-13-2021],
Accepting Feb 29 on Non-Leap Year. did not expect [29-02-2023] but found [29-02-2023],
Accepting Far Future Date. did not expect [01-01-2099] but found [01-01-2099],
Accepting Very Old Past Date. did not expect [01-01-1900] but found [01-01-1900],
Accepting Day as 00. did not expect [00-12-2021] but found [00-12-2021],
Accepting Month as 00. did not expect [15-00-2021] but found [15-00-2021],
Exceeding Max Length for Date. expected [true] but found [false],
Accepting alphabets in numeric field. expected [true] but found [false],
Accepting alphanumeric mix. did not expect [abcd1234] but found [abcd1234],
Accepting special characters. expected [true] but found [false],
Accepting negative number. did not expect [-500] but found [-500]
at org.testng.asserts.SoftAssert.assertAll(SoftAssert.java:46)
at org.testng.asserts.SoftAssert.assertAll(SoftAssert.java:30)
at SeleniumPackage.A2_CallingClass.init(A2_CallingClass.java:59)
at java.base/jdk.internal.reflect.DirectMethodHandleAccessor.invoke(DirectMethodHandleAccessor.java:103)
at java.base/java.lang.reflect.Method.invoke(Method.java:580)
at org.testng.internal.invokers.MethodInvocationHelper.invokeMethod(MethodInvocationHelper.java:141)
at org.testng.internal.invokers.TestInvoker.invokeMethod(TestInvoker.java:687)
at org.testng.internal.invokers.TestInvoker.invokeTestMethod(TestInvoker.java:230)
at org.testng.internal.invokers.MethodRunner.runInSequence(MethodRunner.java:63)
at org.testng.internal.invokers.TestInvoker$MethodInvocationAgent.invoke(TestInvoker.java:995)
at org.testng.internal.invokers.TestInvoker.invokeTestMethods(TestInvoker.java:203)
at org.testng.internal.invokers.TestMethodWorker.invokeTestMethods(TestMethodWorker.java:154)
at org.testng.internal.invokers.TestMethodWorker.run(TestMethodWorker.java:134)
at java.base/java.util.ArrayList.forEach(ArrayList.java:1596)
at org.testng.TestRunner.privateRun(TestRunner.java:741)
at org.testng.TestRunner.run(TestRunner.java:616)
at org.testng.SuiteRunner.runTest(SuiteRunner.java:421)
at org.testng.SuiteRunner.runSequentially(SuiteRunner.java:413)
at org.testng.SuiteRunner.privateRun(SuiteRunner.java:373)
at org.testng.SuiteRunner.run(SuiteRunner.java:312)
at org.testng.SuiteRunnerWorker.runSuite(SuiteRunnerWorker.java:52)
at org.testng.SuiteRunnerWorker.run(SuiteRunnerWorker.java:95)
at org.testng.TestNG.runSuitesSequentially(TestNG.java:1274)
at org.testng.TestNG.runSuitesLocally(TestNG.java:1208)
at org.testng.TestNG.runSuites(TestNG.java:1112)
at org.testng.TestNG.run(TestNG.java:1079)
at org.testng.remote.AbstractRemoteTestNG.run(AbstractRemoteTestNG.java:115)
at org.testng.remote.RemoteTestNG.initAndRun(RemoteTestNG.java:293)
at org.testng.remote.RemoteTestNG.main(RemoteTestNG.java:91)
]]>
    </failure>
  </testcase> <!-- init -->
</testsuite> <!-- SeleniumPackage.A2_CallingClass -->
