<?xml version="1.0" encoding="UTF-8"?>
<!-- Generated by org.testng.reporters.JUnitReportReporter -->
<testsuite hostname="ITLNB690" failures="0" tests="10" name="SeleniumPackage.Assertion_2" time="43.540" errors="1" timestamp="2026-03-17T19:00:58 IST" skipped="9">
  <testcase classname="SeleniumPackage.Assertion_2" name="setup" time="43.540">
    <error message="unknown error: net::ERR_CONNECTION_TIMED_OUT
  (Session info: chrome=146.0.7680.80)
Build info: version: &#039;3.141.59&#039;, revision: &#039;e82be7d358&#039;, time: &#039;2018-11-14T08:25:48&#039;
System info: host: &#039;ITLNB690&#039;, ip: &#039;172.20.2.85&#039;, os.name: &#039;Windows 11&#039;, os.arch: &#039;amd64&#039;, os.version: &#039;10.0&#039;, java.version: &#039;21.0.9&#039;
Driver info: org.openqa.selenium.chrome.ChromeDriver
Capabilities {acceptInsecureCerts: false, browserName: chrome, browserVersion: 146.0.7680.80, chrome: {chromedriverVersion: 146.0.7680.72 (cb10bb07c0a5..., userDataDir: C:\Users\YOGESH~1.POL\AppDa...}, fedcm:accounts: true, goog:chromeOptions: {debuggerAddress: localhost:51897}, goog:processID: 11204, javascriptEnabled: true, networkConnectionEnabled: false, pageLoadStrategy: normal, platform: WINDOWS, platformName: WINDOWS, proxy: Proxy(), setWindowRect: true, strictFileInteractability: false, timeouts: {implicit: 0, pageLoad: 300000, script: 30000}, unhandledPromptBehavior: dismiss and notify, webauthn:extension:credBlob: true, webauthn:extension:largeBlob: true, webauthn:extension:minPinLength: true, webauthn:extension:prf: true, webauthn:virtualAuthenticators: true}
Session ID: e8f9dfcfec504784d43864b6d5501b9c" type="org.openqa.selenium.WebDriverException">
      <![CDATA[org.openqa.selenium.WebDriverException: unknown error: net::ERR_CONNECTION_TIMED_OUT
  (Session info: chrome=146.0.7680.80)
Build info: version: '3.141.59', revision: 'e82be7d358', time: '2018-11-14T08:25:48'
System info: host: 'ITLNB690', ip: '172.20.2.85', os.name: 'Windows 11', os.arch: 'amd64', os.version: '10.0', java.version: '21.0.9'
Driver info: org.openqa.selenium.chrome.ChromeDriver
Capabilities {acceptInsecureCerts: false, browserName: chrome, browserVersion: 146.0.7680.80, chrome: {chromedriverVersion: 146.0.7680.72 (cb10bb07c0a5..., userDataDir: C:\Users\YOGESH~1.POL\AppDa...}, fedcm:accounts: true, goog:chromeOptions: {debuggerAddress: localhost:51897}, goog:processID: 11204, javascriptEnabled: true, networkConnectionEnabled: false, pageLoadStrategy: normal, platform: WINDOWS, platformName: WINDOWS, proxy: Proxy(), setWindowRect: true, strictFileInteractability: false, timeouts: {implicit: 0, pageLoad: 300000, script: 30000}, unhandledPromptBehavior: dismiss and notify, webauthn:extension:credBlob: true, webauthn:extension:largeBlob: true, webauthn:extension:minPinLength: true, webauthn:extension:prf: true, webauthn:virtualAuthenticators: true}
Session ID: e8f9dfcfec504784d43864b6d5501b9c
at java.base/jdk.internal.reflect.DirectConstructorHandleAccessor.newInstance(DirectConstructorHandleAccessor.java:62)
at java.base/java.lang.reflect.Constructor.newInstanceWithCaller(Constructor.java:502)
at java.base/java.lang.reflect.Constructor.newInstance(Constructor.java:486)
at org.openqa.selenium.remote.http.W3CHttpResponseCodec.createException(W3CHttpResponseCodec.java:187)
at org.openqa.selenium.remote.http.W3CHttpResponseCodec.decode(W3CHttpResponseCodec.java:122)
at org.openqa.selenium.remote.http.W3CHttpResponseCodec.decode(W3CHttpResponseCodec.java:49)
at org.openqa.selenium.remote.HttpCommandExecutor.execute(HttpCommandExecutor.java:158)
at org.openqa.selenium.remote.service.DriverCommandExecutor.execute(DriverCommandExecutor.java:83)
at org.openqa.selenium.remote.RemoteWebDriver.execute(RemoteWebDriver.java:552)
at org.openqa.selenium.remote.RemoteWebDriver.get(RemoteWebDriver.java:277)
at SeleniumPackage.Assertion_2.setup(Assertion_2.java:30)
at java.base/jdk.internal.reflect.DirectMethodHandleAccessor.invoke(DirectMethodHandleAccessor.java:103)
at java.base/java.lang.reflect.Method.invoke(Method.java:580)
at org.testng.internal.invokers.MethodInvocationHelper.invokeMethod(MethodInvocationHelper.java:141)
at org.testng.internal.invokers.MethodInvocationHelper.invokeMethodConsideringTimeout(MethodInvocationHelper.java:71)
at org.testng.internal.invokers.ConfigInvoker.invokeConfigurationMethod(ConfigInvoker.java:400)
at org.testng.internal.invokers.ConfigInvoker.invokeConfigurations(ConfigInvoker.java:333)
at org.testng.internal.invokers.TestMethodWorker.invokeBeforeClassMethods(TestMethodWorker.java:188)
at org.testng.internal.invokers.TestMethodWorker.run(TestMethodWorker.java:128)
at java.base/java.util.ArrayList.forEach(ArrayList.java:1596)
at org.testng.TestRunner.privateRun(TestRunner.java:741)
at org.testng.TestRunner.run(TestRunner.java:616)
at org.testng.SuiteRunner.runTest(SuiteRunner.java:421)
at org.testng.SuiteRunner.runSequentially(SuiteRunner.java:413)
at org.testng.SuiteRunner.privateRun(SuiteRunner.java:373)
at org.testng.SuiteRunner.run(SuiteRunner.java:312)
at org.testng.SuiteRunnerWorker.runSuite(SuiteRunnerWorker.java:52)
at org.testng.SuiteRunnerWorker.run(SuiteRunnerWorker.java:95)
at org.testng.TestNG.runSuitesSequentially(TestNG.java:1274)
at org.testng.TestNG.runSuitesLocally(TestNG.java:1208)
at org.testng.TestNG.runSuites(TestNG.java:1112)
at org.testng.TestNG.run(TestNG.java:1079)
at org.testng.remote.AbstractRemoteTestNG.run(AbstractRemoteTestNG.java:115)
at org.testng.remote.RemoteTestNG.initAndRun(RemoteTestNG.java:293)
at org.testng.remote.RemoteTestNG.main(RemoteTestNG.java:91)
]]>
    </error>
  </testcase> <!-- setup -->
  <testcase classname="SeleniumPackage.Assertion_2" name="titleTest" time="0.000">
    <skipped/>
  </testcase> <!-- titleTest -->
  <testcase classname="SeleniumPackage.Assertion_2" name="urlTest" time="0.000">
    <skipped/>
  </testcase> <!-- urlTest -->
  <testcase classname="SeleniumPackage.Assertion_2" name="loginEnableTest" time="0.000">
    <skipped/>
  </testcase> <!-- loginEnableTest -->
  <testcase classname="SeleniumPackage.Assertion_2" name="loginDisplayTest" time="0.000">
    <skipped/>
  </testcase> <!-- loginDisplayTest -->
  <testcase classname="SeleniumPackage.Assertion_2" name="emptyLoginErrorTest" time="0.000">
    <skipped/>
  </testcase> <!-- emptyLoginErrorTest -->
  <testcase classname="SeleniumPackage.Assertion_2" name="blankPasswordErrorTest" time="0.000">
    <skipped/>
  </testcase> <!-- blankPasswordErrorTest -->
  <testcase classname="SeleniumPackage.Assertion_2" name="logined" time="0.000">
    <skipped/>
  </testcase> <!-- logined -->
  <testcase classname="SeleniumPackage.Assertion_2" name="quitDriver" time="0.000">
    <skipped/>
  </testcase> <!-- quitDriver -->
  <testcase classname="SeleniumPackage.Assertion_2" name="login">
    <skipped/>
  </testcase> <!-- login -->
</testsuite> <!-- SeleniumPackage.Assertion_2 -->
