<?xml version="1.0" encoding="UTF-8"?>
<!-- Generated by org.testng.reporters.JUnitReportReporter -->
<testsuite hostname="ITLNB690" failures="0" tests="3" name="SeleniumPackage.TNG_DataProvider4" time="1.485" errors="0" timestamp="2026-02-16T18:42:06 IST" skipped="0">
  <testcase classname="SeleniumPackage.TNG_DataProvider4" name="taker" time="0.568"/>
  <testcase classname="SeleniumPackage.TNG_DataProvider4" name="taker" time="0.466"/>
  <testcase classname="SeleniumPackage.TNG_DataProvider4" name="taker" time="0.451"/>
</testsuite> <!-- SeleniumPackage.TNG_DataProvider4 -->
