<?xml version="1.0" encoding="UTF-8"?>
<!-- Generated by org.testng.reporters.JUnitReportReporter -->
<testsuite hostname="ITLNB690" failures="0" tests="3" name="SeleniumPackage.TNG_DataProv_checkbox" time="16.142" errors="0" timestamp="2026-02-16T18:56:37 IST" skipped="0">
  <testcase classname="SeleniumPackage.TNG_DataProv_checkbox" name="taker" time="5.607"/>
  <testcase classname="SeleniumPackage.TNG_DataProv_checkbox" name="taker" time="5.379"/>
  <testcase classname="SeleniumPackage.TNG_DataProv_checkbox" name="taker" time="5.156"/>
</testsuite> <!-- SeleniumPackage.TNG_DataProv_checkbox -->
