<?xml version="1.0" encoding="UTF-8"?>
<!-- Generated by org.testng.reporters.JUnitReportReporter -->
<testsuite hostname="ITLNB690" failures="0" tests="4" name="SeleniumPackage.EBID_lawyer_details" time="95.959" errors="0" timestamp="2026-03-02T16:39:53 IST" skipped="1">
  <testcase classname="SeleniumPackage.EBID_lawyer_details" name="taker" time="32.512"/>
  <testcase classname="SeleniumPackage.EBID_lawyer_details" name="taker" time="31.417"/>
  <testcase classname="SeleniumPackage.EBID_lawyer_details" name="taker" time="32.030"/>
  <testcase classname="SeleniumPackage.EBID_lawyer_details" name="ss">
    <skipped/>
  </testcase> <!-- ss -->
</testsuite> <!-- SeleniumPackage.EBID_lawyer_details -->
