<?xml version="1.0" encoding="UTF-8"?>
<!-- Generated by org.testng.reporters.JUnitReportReporter -->
<testsuite hostname="ITLNB690" failures="0" tests="6" name="SeleniumPackage.EBID_CRUD" time="117.431" errors="0" timestamp="2026-01-29T15:37:50 IST" skipped="0">
  <testcase classname="SeleniumPackage.EBID_CRUD" name="taker" time="19.931"/>
  <testcase classname="SeleniumPackage.EBID_CRUD" name="taker" time="17.753"/>
  <testcase classname="SeleniumPackage.EBID_CRUD" name="taker" time="18.003"/>
  <testcase classname="SeleniumPackage.EBID_CRUD" name="taker" time="17.637"/>
  <testcase classname="SeleniumPackage.EBID_CRUD" name="taker" time="23.772"/>
  <testcase classname="SeleniumPackage.EBID_CRUD" name="taker" time="20.335"/>
</testsuite> <!-- SeleniumPackage.EBID_CRUD -->
