<?xml version="1.0" encoding="UTF-8"?>
<!-- Generated by org.testng.reporters.JUnitReportReporter -->
<testsuite hostname="ITLNB690" failures="1" tests="1" name="FollowUp_Package.FU1_Calling" time="97.089" errors="0" timestamp="2026-03-26T12:28:00 IST" skipped="0">
  <testcase classname="FollowUp_Package.FU1_Calling" name="init" time="97.089">
    <failure message="The following asserts failed:
	BUG: resolve accepts invalid date 99-99-9999,
	BUG: resolve accepts day=00 (00-03-2026),
	BUG: resolve accepts month=00 (26-00-2026),
	BUG: resolve accepts year=0000 (26-03-0000),
	BUG: resolve accepts day=32 (32-03-2026),
	BUG: resolve accepts month=13 (26-13-2026),
	BUG: resolve accepts text &#039;abcdef&#039; instead of date,
	BUG: resolve accepts special chars &#039;@#$%&amp;&#039;,
	BUG: followUpDate accepts invalid date 99-99-9999,
	BUG: followUpDate accepts day=00 (00-03-2026),
	BUG: followUpDate accepts month=00 (26-00-2026),
	BUG: followUpDate accepts year=0000 (26-03-0000),
	BUG: followUpDate accepts day=32 (32-03-2026),
	BUG: followUpDate accepts month=13 (26-13-2026),
	BUG: followUpDate accepts text &#039;abcdef&#039;,
	BUG: followUpDate accepts special chars &#039;@#$%&amp;&#039;,
	BUG: partyContactName accepts special chars | Input: @#$%&amp;*! | Actual: @#$%&amp;*! | Expected: should reject expected [false] but found [true],
	BUG: partyContactName accepts SQL injection | Input: &#039; OR 1=1 -- | Actual: &#039; OR 1=1 -- | Expected: should reject expected [false] but found [true],
	BUG: partyContactName accepts HTML injection | Input: &lt;script&gt; | Actual: &lt;script&gt;alert(&#039;x&#039;)&lt;/script&gt; | Expected: should reject expected [false] but found [true],
	BUG: status accepts special chars | Input: @#$% | Actual: @#$% | Expected: should reject expected [false] but found [true],
	BUG: status accepts SQL injection | Input: &#039; OR 1=1 -- | Actual: &#039; OR 1=1 -- | Expected: should reject expected [false] but found [true],
	BUG: remark accepts special chars | Input: @#$%&amp;*!(){}[] | Actual: @#$%&amp;*!(){}[] | Expected: should reject expected [false] but found [true],
	BUG: remark accepts SQL injection | Input: DROP TABLE | Actual: &#039; OR 1=1 --; DROP TABLE users; | Expected: should reject expected [false] but found [true],
	BUG: remark accepts HTML injection | Input: &lt;script&gt; | Actual: &lt;script&gt;alert(&#039;xss&#039;)&lt;/script&gt; | Expected: should reject expected [false] but found [true]" type="java.lang.AssertionError">
      <![CDATA[java.lang.AssertionError: The following asserts failed:
BUG: resolve accepts invalid date 99-99-9999,
BUG: resolve accepts day=00 (00-03-2026),
BUG: resolve accepts month=00 (26-00-2026),
BUG: resolve accepts year=0000 (26-03-0000),
BUG: resolve accepts day=32 (32-03-2026),
BUG: resolve accepts month=13 (26-13-2026),
BUG: resolve accepts text 'abcdef' instead of date,
BUG: resolve accepts special chars '@#$%&',
BUG: followUpDate accepts invalid date 99-99-9999,
BUG: followUpDate accepts day=00 (00-03-2026),
BUG: followUpDate accepts month=00 (26-00-2026),
BUG: followUpDate accepts year=0000 (26-03-0000),
BUG: followUpDate accepts day=32 (32-03-2026),
BUG: followUpDate accepts month=13 (26-13-2026),
BUG: followUpDate accepts text 'abcdef',
BUG: followUpDate accepts special chars '@#$%&',
BUG: partyContactName accepts special chars | Input: @#$%&*! | Actual: @#$%&*! | Expected: should reject expected [false] but found [true],
BUG: partyContactName accepts SQL injection | Input: ' OR 1=1 -- | Actual: ' OR 1=1 -- | Expected: should reject expected [false] but found [true],
BUG: partyContactName accepts HTML injection | Input: <script> | Actual: <script>alert('x')</script> | Expected: should reject expected [false] but found [true],
BUG: status accepts special chars | Input: @#$% | Actual: @#$% | Expected: should reject expected [false] but found [true],
BUG: status accepts SQL injection | Input: ' OR 1=1 -- | Actual: ' OR 1=1 -- | Expected: should reject expected [false] but found [true],
BUG: remark accepts special chars | Input: @#$%&*!(){}[] | Actual: @#$%&*!(){}[] | Expected: should reject expected [false] but found [true],
BUG: remark accepts SQL injection | Input: DROP TABLE | Actual: ' OR 1=1 --; DROP TABLE users; | Expected: should reject expected [false] but found [true],
BUG: remark accepts HTML injection | Input: <script> | Actual: <script>alert('xss')</script> | Expected: should reject expected [false] but found [true]
at org.testng.asserts.SoftAssert.assertAll(SoftAssert.java:46)
at org.testng.asserts.SoftAssert.assertAll(SoftAssert.java:30)
at FollowUp_Package.FU1_Calling.init(FU1_Calling.java:41)
at java.base/jdk.internal.reflect.DirectMethodHandleAccessor.invoke(DirectMethodHandleAccessor.java:103)
at java.base/java.lang.reflect.Method.invoke(Method.java:580)
at org.testng.internal.invokers.MethodInvocationHelper.invokeMethod(MethodInvocationHelper.java:141)
at org.testng.internal.invokers.TestInvoker.invokeMethod(TestInvoker.java:687)
at org.testng.internal.invokers.TestInvoker.invokeTestMethod(TestInvoker.java:230)
at org.testng.internal.invokers.MethodRunner.runInSequence(MethodRunner.java:63)
at org.testng.internal.invokers.TestInvoker$MethodInvocationAgent.invoke(TestInvoker.java:995)
at org.testng.internal.invokers.TestInvoker.invokeTestMethods(TestInvoker.java:203)
at org.testng.internal.invokers.TestMethodWorker.invokeTestMethods(TestMethodWorker.java:154)
at org.testng.internal.invokers.TestMethodWorker.run(TestMethodWorker.java:134)
at java.base/java.util.ArrayList.forEach(ArrayList.java:1596)
at org.testng.TestRunner.privateRun(TestRunner.java:741)
at org.testng.TestRunner.run(TestRunner.java:616)
at org.testng.SuiteRunner.runTest(SuiteRunner.java:421)
at org.testng.SuiteRunner.runSequentially(SuiteRunner.java:413)
at org.testng.SuiteRunner.privateRun(SuiteRunner.java:373)
at org.testng.SuiteRunner.run(SuiteRunner.java:312)
at org.testng.SuiteRunnerWorker.runSuite(SuiteRunnerWorker.java:52)
at org.testng.SuiteRunnerWorker.run(SuiteRunnerWorker.java:95)
at org.testng.TestNG.runSuitesSequentially(TestNG.java:1274)
at org.testng.TestNG.runSuitesLocally(TestNG.java:1208)
at org.testng.TestNG.runSuites(TestNG.java:1112)
at org.testng.TestNG.run(TestNG.java:1079)
at org.testng.remote.AbstractRemoteTestNG.run(AbstractRemoteTestNG.java:115)
at org.testng.remote.RemoteTestNG.initAndRun(RemoteTestNG.java:293)
at org.testng.remote.RemoteTestNG.main(RemoteTestNG.java:91)
]]>
    </failure>
  </testcase> <!-- init -->
</testsuite> <!-- FollowUp_Package.FU1_Calling -->
