<?xml version="1.0" encoding="UTF-8"?>
<!-- Generated by org.testng.reporters.JUnitReportReporter -->
<testsuite hostname="ITLNB690" failures="0" tests="3" name="Listener_Practise.Login_2" time="7.375" errors="0" timestamp="2026-04-24T15:44:31 IST" skipped="1">
  <testcase classname="Listener_Practise.Login_2" name="testLogin" time="7.366"/>
  <testcase classname="Listener_Practise.Login_2" name="pageTitle" time="0.008"/>
  <testcase classname="Listener_Practise.Login_2" name="testLogout" time="0.001">
    <skipped/>
  </testcase> <!-- testLogout -->
</testsuite> <!-- Listener_Practise.Login_2 -->
