<?xml version="1.0" encoding="UTF-8"?>
<!-- Generated by org.testng.reporters.JUnitReportReporter -->
<testsuite hostname="ITLNB690" failures="0" tests="5" name="Listener_Practise.Login" time="17.801" errors="0" timestamp="2026-04-24T14:42:19 IST" skipped="0">
  <testcase classname="Listener_Practise.Login" name="mathodstart" time="7.232"/>
  <testcase classname="Listener_Practise.Login" name="methodfail" time="0.483"/>
  <testcase classname="Listener_Practise.Login" name="methodskip" time="0.003"/>
  <testcase classname="Listener_Practise.Login" name="methodpass" time="10.081"/>
  <testcase classname="Listener_Practise.Login" name="mathodfinish" time="0.002"/>
</testsuite> <!-- Listener_Practise.Login -->
