<?xml version="1.0" encoding="UTF-8"?>
<!-- Generated by org.testng.reporters.JUnitReportReporter -->
<testsuite hostname="ITLNB690" failures="0" tests="1" name="FullPTP_Package.F1_PTP_CallingClass" time="3.626" errors="1" timestamp="2026-05-08T11:36:54 IST" skipped="0">
  <testcase classname="FullPTP_Package.F1_PTP_CallingClass" name="init" time="3.626">
    <error message="session not created: This version of ChromeDriver only supports Chrome version 146
Current browser version is 148.0.7778.96 with binary path C:\Program Files\Google\Chrome\Application\chrome.exe
Build info: version: &#039;3.141.59&#039;, revision: &#039;e82be7d358&#039;, time: &#039;2018-11-14T08:25:48&#039;
System info: host: &#039;ITLNB690&#039;, ip: &#039;172.20.2.85&#039;, os.name: &#039;Windows 11&#039;, os.arch: &#039;amd64&#039;, os.version: &#039;10.0&#039;, java.version: &#039;21.0.9&#039;
Driver info: driver.version: ChromeDriver
remote stacktrace: 	chromedriver!GetHandleVerifier [0x7ff7ab7b10b5+14cc5]
	chromedriver!GetHandleVerifier [0x7ff7ab7b1120+14d30]
	chromedriver!(No symbol) [0x7ff7ab51db6d]
	chromedriver!(No symbol) [0x7ff7ab56608d]
	chromedriver!(No symbol) [0x7ff7ab564de5]
	chromedriver!(No symbol) [0x7ff7ab55f321]
	chromedriver!(No symbol) [0x7ff7ab559c29]
	chromedriver!(No symbol) [0x7ff7ab5ae021]
	chromedriver!(No symbol) [0x7ff7ab5ad886]
	chromedriver!(No symbol) [0x7ff7ab5696e8]
	chromedriver!(No symbol) [0x7ff7ab56a5d3]
	chromedriver!GetHandleVerifier [0x7ff7abab5ded+3199fd]
	chromedriver!GetHandleVerifier [0x7ff7abab04cd+3140dd]
	chromedriver!GetHandleVerifier [0x7ff7abad29ca+3365da]
	chromedriver!GetHandleVerifier [0x7ff7ab7cca55+30665]
	chromedriver!GetHandleVerifier [0x7ff7ab7d5bac+397bc]
	chromedriver!GetHandleVerifier [0x7ff7ab7ba4d4+1e0e4]
	chromedriver!GetHandleVerifier [0x7ff7ab7ba686+1e296]
	chromedriver!GetHandleVerifier [0x7ff7ab79ef97+2ba7]
	KERNEL32!BaseThreadInitThunk [0x7fff042f257d+1d]
	ntdll!RtlUserThreadStart [0x7fff056aaf08+28]
" type="org.openqa.selenium.SessionNotCreatedException">
      <![CDATA[org.openqa.selenium.SessionNotCreatedException: session not created: This version of ChromeDriver only supports Chrome version 146
Current browser version is 148.0.7778.96 with binary path C:\Program Files\Google\Chrome\Application\chrome.exe
Build info: version: '3.141.59', revision: 'e82be7d358', time: '2018-11-14T08:25:48'
System info: host: 'ITLNB690', ip: '172.20.2.85', os.name: 'Windows 11', os.arch: 'amd64', os.version: '10.0', java.version: '21.0.9'
Driver info: driver.version: ChromeDriver
remote stacktrace: chromedriver!GetHandleVerifier [0x7ff7ab7b10b5+14cc5]
chromedriver!GetHandleVerifier [0x7ff7ab7b1120+14d30]
chromedriver!(No symbol) [0x7ff7ab51db6d]
chromedriver!(No symbol) [0x7ff7ab56608d]
chromedriver!(No symbol) [0x7ff7ab564de5]
chromedriver!(No symbol) [0x7ff7ab55f321]
chromedriver!(No symbol) [0x7ff7ab559c29]
chromedriver!(No symbol) [0x7ff7ab5ae021]
chromedriver!(No symbol) [0x7ff7ab5ad886]
chromedriver!(No symbol) [0x7ff7ab5696e8]
chromedriver!(No symbol) [0x7ff7ab56a5d3]
chromedriver!GetHandleVerifier [0x7ff7abab5ded+3199fd]
chromedriver!GetHandleVerifier [0x7ff7abab04cd+3140dd]
chromedriver!GetHandleVerifier [0x7ff7abad29ca+3365da]
chromedriver!GetHandleVerifier [0x7ff7ab7cca55+30665]
chromedriver!GetHandleVerifier [0x7ff7ab7d5bac+397bc]
chromedriver!GetHandleVerifier [0x7ff7ab7ba4d4+1e0e4]
chromedriver!GetHandleVerifier [0x7ff7ab7ba686+1e296]
chromedriver!GetHandleVerifier [0x7ff7ab79ef97+2ba7]
KERNEL32!BaseThreadInitThunk [0x7fff042f257d+1d]
ntdll!RtlUserThreadStart [0x7fff056aaf08+28]

at java.base/jdk.internal.reflect.DirectConstructorHandleAccessor.newInstance(DirectConstructorHandleAccessor.java:62)
at java.base/java.lang.reflect.Constructor.newInstanceWithCaller(Constructor.java:502)
at java.base/java.lang.reflect.Constructor.newInstance(Constructor.java:486)
at org.openqa.selenium.remote.W3CHandshakeResponse.lambda$errorHandler$0(W3CHandshakeResponse.java:62)
at org.openqa.selenium.remote.HandshakeResponse.lambda$getResponseFunction$0(HandshakeResponse.java:30)
at org.openqa.selenium.remote.ProtocolHandshake.lambda$createSession$0(ProtocolHandshake.java:126)
at java.base/java.util.stream.ReferencePipeline$3$1.accept(ReferencePipeline.java:197)
at java.base/java.util.Spliterators$ArraySpliterator.tryAdvance(Spliterators.java:1034)
at java.base/java.util.stream.ReferencePipeline.forEachWithCancel(ReferencePipeline.java:129)
at java.base/java.util.stream.AbstractPipeline.copyIntoWithCancel(AbstractPipeline.java:527)
at java.base/java.util.stream.AbstractPipeline.copyInto(AbstractPipeline.java:513)
at java.base/java.util.stream.AbstractPipeline.wrapAndCopyInto(AbstractPipeline.java:499)
at java.base/java.util.stream.FindOps$FindOp.evaluateSequential(FindOps.java:150)
at java.base/java.util.stream.AbstractPipeline.evaluate(AbstractPipeline.java:234)
at java.base/java.util.stream.ReferencePipeline.findFirst(ReferencePipeline.java:647)
at org.openqa.selenium.remote.ProtocolHandshake.createSession(ProtocolHandshake.java:128)
at org.openqa.selenium.remote.ProtocolHandshake.createSession(ProtocolHandshake.java:74)
at org.openqa.selenium.remote.HttpCommandExecutor.execute(HttpCommandExecutor.java:136)
at org.openqa.selenium.remote.service.DriverCommandExecutor.execute(DriverCommandExecutor.java:83)
at org.openqa.selenium.remote.RemoteWebDriver.execute(RemoteWebDriver.java:552)
at org.openqa.selenium.remote.RemoteWebDriver.startSession(RemoteWebDriver.java:213)
at org.openqa.selenium.remote.RemoteWebDriver.<init>(RemoteWebDriver.java:131)
at org.openqa.selenium.chrome.ChromeDriver.<init>(ChromeDriver.java:181)
at org.openqa.selenium.chrome.ChromeDriver.<init>(ChromeDriver.java:168)
at org.openqa.selenium.chrome.ChromeDriver.<init>(ChromeDriver.java:123)
at FullPTP_Package.F2_PTP_Login.ptpLogin(F2_PTP_Login.java:54)
at FullPTP_Package.F1_PTP_CallingClass.init(F1_PTP_CallingClass.java:19)
at java.base/jdk.internal.reflect.DirectMethodHandleAccessor.invoke(DirectMethodHandleAccessor.java:103)
at java.base/java.lang.reflect.Method.invoke(Method.java:580)
at org.testng.internal.invokers.MethodInvocationHelper.invokeMethod(MethodInvocationHelper.java:141)
at org.testng.internal.invokers.TestInvoker.invokeMethod(TestInvoker.java:687)
at org.testng.internal.invokers.TestInvoker.invokeTestMethod(TestInvoker.java:230)
at org.testng.internal.invokers.MethodRunner.runInSequence(MethodRunner.java:63)
at org.testng.internal.invokers.TestInvoker$MethodInvocationAgent.invoke(TestInvoker.java:995)
at org.testng.internal.invokers.TestInvoker.invokeTestMethods(TestInvoker.java:203)
at org.testng.internal.invokers.TestMethodWorker.invokeTestMethods(TestMethodWorker.java:154)
at org.testng.internal.invokers.TestMethodWorker.run(TestMethodWorker.java:134)
at java.base/java.util.ArrayList.forEach(ArrayList.java:1596)
at org.testng.TestRunner.privateRun(TestRunner.java:741)
at org.testng.TestRunner.run(TestRunner.java:616)
at org.testng.SuiteRunner.runTest(SuiteRunner.java:421)
at org.testng.SuiteRunner.runSequentially(SuiteRunner.java:413)
at org.testng.SuiteRunner.privateRun(SuiteRunner.java:373)
at org.testng.SuiteRunner.run(SuiteRunner.java:312)
at org.testng.SuiteRunnerWorker.runSuite(SuiteRunnerWorker.java:52)
at org.testng.SuiteRunnerWorker.run(SuiteRunnerWorker.java:95)
at org.testng.TestNG.runSuitesSequentially(TestNG.java:1274)
at org.testng.TestNG.runSuitesLocally(TestNG.java:1208)
at org.testng.TestNG.runSuites(TestNG.java:1112)
at org.testng.TestNG.run(TestNG.java:1079)
at org.testng.remote.AbstractRemoteTestNG.run(AbstractRemoteTestNG.java:115)
at org.testng.remote.RemoteTestNG.initAndRun(RemoteTestNG.java:293)
at org.testng.remote.RemoteTestNG.main(RemoteTestNG.java:91)
]]>
    </error>
  </testcase> <!-- init -->
</testsuite> <!-- FullPTP_Package.F1_PTP_CallingClass -->
