<?xml version="1.0" encoding="UTF-8"?>
<!-- Generated by org.testng.reporters.JUnitReportReporter -->
<testsuite hostname="ITLNB690" failures="0" tests="7" name="SeleniumPackage.EBID_Lawyer" time="202.380" errors="1" timestamp="2026-02-17T18:11:44 IST" skipped="0">
  <testcase classname="SeleniumPackage.EBID_Lawyer" name="taker2" time="0.010">
    <error message="
[public void SeleniumPackage.EBID_Lawyer.taker2() throws java.lang.Exception] has no parameters defined but was found to be using a data provider (either explicitly specified or inherited from class level annotation).
Data provider mismatch
Method: taker2([])
Arguments: [(java.lang.String)  ,(java.lang.String)  ,(java.lang.String)  ,(java.lang.String)  ]" type="org.testng.internal.reflect.MethodMatcherException">
      <![CDATA[org.testng.internal.reflect.MethodMatcherException: 
[public void SeleniumPackage.EBID_Lawyer.taker2() throws java.lang.Exception] has no parameters defined but was found to be using a data provider (either explicitly specified or inherited from class level annotation).
Data provider mismatch
Method: taker2([])
Arguments: [(java.lang.String)  ,(java.lang.String)  ,(java.lang.String)  ,(java.lang.String)  ]
at org.testng.internal.reflect.DataProviderMethodMatcher.getConformingArguments(DataProviderMethodMatcher.java:46)
at org.testng.internal.Parameters.injectParameters(Parameters.java:915)
at org.testng.internal.invokers.MethodRunner.runInSequence(MethodRunner.java:50)
at org.testng.internal.invokers.TestInvoker$MethodInvocationAgent.invoke(TestInvoker.java:995)
at org.testng.internal.invokers.TestInvoker.invokeTestMethods(TestInvoker.java:203)
at org.testng.internal.invokers.TestMethodWorker.invokeTestMethods(TestMethodWorker.java:154)
at org.testng.internal.invokers.TestMethodWorker.run(TestMethodWorker.java:134)
at java.base/java.util.ArrayList.forEach(ArrayList.java:1596)
at org.testng.TestRunner.privateRun(TestRunner.java:741)
at org.testng.TestRunner.run(TestRunner.java:616)
at org.testng.SuiteRunner.runTest(SuiteRunner.java:421)
at org.testng.SuiteRunner.runSequentially(SuiteRunner.java:413)
at org.testng.SuiteRunner.privateRun(SuiteRunner.java:373)
at org.testng.SuiteRunner.run(SuiteRunner.java:312)
at org.testng.SuiteRunnerWorker.runSuite(SuiteRunnerWorker.java:52)
at org.testng.SuiteRunnerWorker.run(SuiteRunnerWorker.java:95)
at org.testng.TestNG.runSuitesSequentially(TestNG.java:1274)
at org.testng.TestNG.runSuitesLocally(TestNG.java:1208)
at org.testng.TestNG.runSuites(TestNG.java:1112)
at org.testng.TestNG.run(TestNG.java:1079)
at org.testng.remote.AbstractRemoteTestNG.run(AbstractRemoteTestNG.java:115)
at org.testng.remote.RemoteTestNG.initAndRun(RemoteTestNG.java:293)
at org.testng.remote.RemoteTestNG.main(RemoteTestNG.java:91)
]]>
    </error>
  </testcase> <!-- taker2 -->
  <testcase classname="SeleniumPackage.EBID_Lawyer" name="taker" time="30.447"/>
  <testcase classname="SeleniumPackage.EBID_Lawyer" name="taker" time="38.757"/>
  <testcase classname="SeleniumPackage.EBID_Lawyer" name="taker" time="30.612"/>
  <testcase classname="SeleniumPackage.EBID_Lawyer" name="taker" time="29.198"/>
  <testcase classname="SeleniumPackage.EBID_Lawyer" name="taker" time="37.511"/>
  <testcase classname="SeleniumPackage.EBID_Lawyer" name="taker" time="35.845"/>
</testsuite> <!-- SeleniumPackage.EBID_Lawyer -->
