<?xml version="1.0" encoding="UTF-8"?>
<!-- Generated by org.testng.reporters.JUnitReportReporter -->
<testsuite hostname="ITLNB690" failures="0" tests="2" name="SeleniumPackage.TakeScreenshotonFail2" time="8.160" errors="0" timestamp="2026-03-16T10:59:49 IST" skipped="0">
  <testcase classname="SeleniumPackage.TakeScreenshotonFail2" name="dologin" time="8.151"/>
  <testcase classname="SeleniumPackage.TakeScreenshotonFail2" name="assertionCheck" time="0.009"/>
</testsuite> <!-- SeleniumPackage.TakeScreenshotonFail2 -->
