<?xml version="1.0" encoding="UTF-8"?>
<!-- Generated by org.testng.reporters.JUnitReportReporter -->
<testsuite hostname="ITLNB690" failures="0" tests="6" name="SeleniumPackage.EBID_Firm" time="273.575" errors="0" timestamp="2026-02-17T16:28:00 IST" skipped="0">
  <testcase classname="SeleniumPackage.EBID_Firm" name="taker2" time="8.792"/>
  <testcase classname="SeleniumPackage.EBID_Firm" name="taker" time="52.942"/>
  <testcase classname="SeleniumPackage.EBID_Firm" name="taker" time="52.954"/>
  <testcase classname="SeleniumPackage.EBID_Firm" name="taker" time="52.547"/>
  <testcase classname="SeleniumPackage.EBID_Firm" name="taker" time="53.066"/>
  <testcase classname="SeleniumPackage.EBID_Firm" name="taker" time="53.274"/>
</testsuite> <!-- SeleniumPackage.EBID_Firm -->
