<?xml version="1.0" encoding="UTF-8"?>
<!-- Generated by org.testng.reporters.JUnitReportReporter -->
<testsuite hostname="ITLNB690" failures="0" tests="8" name="seleniumClasses.TNGPriority" time="0.010" errors="0" timestamp="2026-01-24T15:29:37 IST" skipped="0">
  <testcase classname="seleniumClasses.TNGPriority" name="b" time="0.001"/>
  <testcase classname="seleniumClasses.TNGPriority" name="a" time="0.001"/>
  <testcase classname="seleniumClasses.TNGPriority" name="s" time="0.001"/>
  <testcase classname="seleniumClasses.TNGPriority" name="a3" time="0.001"/>
  <testcase classname="seleniumClasses.TNGPriority" name="e" time="0.001"/>
  <testcase classname="seleniumClasses.TNGPriority" name="z" time="0.002"/>
  <testcase classname="seleniumClasses.TNGPriority" name="f" time="0.002"/>
  <testcase classname="seleniumClasses.TNGPriority" name="d" time="0.001"/>
</testsuite> <!-- seleniumClasses.TNGPriority -->
