<?xml version="1.0" encoding="UTF-8"?>
<!-- Generated by org.testng.reporters.JUnitReportReporter -->
<testsuite hostname="ITLNB690" failures="0" tests="3" name="seleniumClasses.TNGFlow" time="0.005" errors="0" timestamp="2026-01-24T15:29:37 IST" skipped="0">
  <testcase classname="seleniumClasses.TNGFlow" name="b" time="0.002"/>
  <testcase classname="seleniumClasses.TNGFlow" name="b" time="0.002"/>
  <testcase classname="seleniumClasses.TNGFlow" name="a" time="0.001"/>
</testsuite> <!-- seleniumClasses.TNGFlow -->
