<?xml version="1.0" encoding="UTF-8"?>
<!-- Generated by org.testng.reporters.JUnitReportReporter -->
<testsuite hostname="ITLNB690" failures="0" tests="3" name="seleniumClasses.TNGDataProviders" time="59.034" errors="0" timestamp="2026-01-24T17:45:35 IST" skipped="0">
  <testcase classname="seleniumClasses.TNGDataProviders" name="enterCredentials" time="18.799"/>
  <testcase classname="seleniumClasses.TNGDataProviders" name="enterCredentials" time="17.279"/>
  <testcase classname="seleniumClasses.TNGDataProviders" name="enterCredentials" time="22.956"/>
</testsuite> <!-- seleniumClasses.TNGDataProviders -->
