<?xml version="1.0" encoding="UTF-8"?>
<!-- Generated by org.testng.reporters.JUnitReportReporter -->
<testsuite hostname="ITLNB690" failures="0" tests="7" name="Skeleton_pkg.Law_Firm" time="1.009" errors="1" timestamp="2026-02-25T12:14:10 IST" skipped="6">
  <testcase classname="Skeleton_pkg.Law_Firm" name="bc" time="1.008">
    <error message="Cannot invoke &quot;org.openqa.selenium.WebDriver.findElement(org.openqa.selenium.By)&quot; because &quot;this.driver&quot; is null" type="java.lang.NullPointerException">
      <![CDATA[java.lang.NullPointerException: Cannot invoke "org.openqa.selenium.WebDriver.findElement(org.openqa.selenium.By)" because "this.driver" is null
at Skeleton_pkg.Law_Firm.bc(Law_Firm.java:30)
at java.base/jdk.internal.reflect.DirectMethodHandleAccessor.invoke(DirectMethodHandleAccessor.java:103)
at java.base/java.lang.reflect.Method.invoke(Method.java:580)
at org.testng.internal.invokers.MethodInvocationHelper.invokeMethod(MethodInvocationHelper.java:141)
at org.testng.internal.invokers.MethodInvocationHelper.invokeMethodConsideringTimeout(MethodInvocationHelper.java:71)
at org.testng.internal.invokers.ConfigInvoker.invokeConfigurationMethod(ConfigInvoker.java:400)
at org.testng.internal.invokers.ConfigInvoker.invokeConfigurations(ConfigInvoker.java:333)
at org.testng.internal.invokers.TestMethodWorker.invokeBeforeClassMethods(TestMethodWorker.java:188)
at org.testng.internal.invokers.TestMethodWorker.run(TestMethodWorker.java:128)
at java.base/java.util.ArrayList.forEach(ArrayList.java:1596)
at org.testng.TestRunner.privateRun(TestRunner.java:741)
at org.testng.TestRunner.run(TestRunner.java:616)
at org.testng.SuiteRunner.runTest(SuiteRunner.java:421)
at org.testng.SuiteRunner.runSequentially(SuiteRunner.java:413)
at org.testng.SuiteRunner.privateRun(SuiteRunner.java:373)
at org.testng.SuiteRunner.run(SuiteRunner.java:312)
at org.testng.SuiteRunnerWorker.runSuite(SuiteRunnerWorker.java:52)
at org.testng.SuiteRunnerWorker.run(SuiteRunnerWorker.java:95)
at org.testng.TestNG.runSuitesSequentially(TestNG.java:1274)
at org.testng.TestNG.runSuitesLocally(TestNG.java:1208)
at org.testng.TestNG.runSuites(TestNG.java:1112)
at org.testng.TestNG.run(TestNG.java:1079)
at org.testng.remote.AbstractRemoteTestNG.run(AbstractRemoteTestNG.java:115)
at org.testng.remote.RemoteTestNG.initAndRun(RemoteTestNG.java:293)
at org.testng.remote.RemoteTestNG.main(RemoteTestNG.java:91)
]]>
    </error>
  </testcase> <!-- bc -->
  <testcase classname="Skeleton_pkg.Law_Firm" name="taker2" time="0.000">
    <skipped/>
  </testcase> <!-- taker2 -->
  <testcase classname="Skeleton_pkg.Law_Firm" name="taker" time="0.000">
    <skipped/>
  </testcase> <!-- taker -->
  <testcase classname="Skeleton_pkg.Law_Firm" name="taker" time="0.000">
    <skipped/>
  </testcase> <!-- taker -->
  <testcase classname="Skeleton_pkg.Law_Firm" name="taker" time="0.000">
    <skipped/>
  </testcase> <!-- taker -->
  <testcase classname="Skeleton_pkg.Law_Firm" name="taker" time="0.000">
    <skipped/>
  </testcase> <!-- taker -->
  <testcase classname="Skeleton_pkg.Law_Firm" name="taker" time="0.001">
    <skipped/>
  </testcase> <!-- taker -->
</testsuite> <!-- Skeleton_pkg.Law_Firm -->
